\BOOKMARK [1][-]{section.1}{Notation}{}% 1
\BOOKMARK [2][-]{subsection.1.1}{Screen \046 Print Notation}{section.1}% 2
\BOOKMARK [2][-]{subsection.1.2}{Handwritten Notation}{section.1}% 3
\BOOKMARK [1][-]{section.2}{Series}{}% 4
\BOOKMARK [2][-]{subsection.2.1}{Tests for Convergence}{section.2}% 5
\BOOKMARK [3][-]{subsubsection.2.1.1}{Preliminary Test}{subsection.2.1}% 6
\BOOKMARK [3][-]{subsubsection.2.1.2}{Integral Test}{subsection.2.1}% 7
\BOOKMARK [3][-]{subsubsection.2.1.3}{Comparison Principle}{subsection.2.1}% 8
\BOOKMARK [3][-]{subsubsection.2.1.4}{Special Comparison Principle}{subsection.2.1}% 9
\BOOKMARK [3][-]{subsubsection.2.1.5}{Ratio Test}{subsection.2.1}% 10
\BOOKMARK [3][-]{subsubsection.2.1.6}{Alternating Series Test}{subsection.2.1}% 11
\BOOKMARK [2][-]{subsection.2.2}{Power Series}{section.2}% 12
\BOOKMARK [3][-]{subsubsection.2.2.1}{Taylor Series}{subsection.2.2}% 13
\BOOKMARK [3][-]{subsubsection.2.2.2}{Asymptotic Notation}{subsection.2.2}% 14
\BOOKMARK [2][-]{subsection.2.3}{Error of Series Approximations}{section.2}% 15
\BOOKMARK [1][-]{section.3}{Linear Algebra}{}% 16
\BOOKMARK [2][-]{subsection.3.1}{Notation}{section.3}% 17
\BOOKMARK [2][-]{subsection.3.2}{Inner Product Spaces}{section.3}% 18
\BOOKMARK [2][-]{subsection.3.3}{Coordinates and Change of Bases}{section.3}% 19
\BOOKMARK [2][-]{subsection.3.4}{Diagonalization}{section.3}% 20
\BOOKMARK [1][-]{section.4}{Partial Differentiation}{}% 21
\BOOKMARK [2][-]{subsection.4.1}{Implicit Partial Differentiation}{section.4}% 22
\BOOKMARK [2][-]{subsection.4.2}{The Chain Rule}{section.4}% 23
\BOOKMARK [2][-]{subsection.4.3}{Optimization}{section.4}% 24
\BOOKMARK [3][-]{subsubsection.4.3.1}{Gradient}{subsection.4.3}% 25
\BOOKMARK [3][-]{subsubsection.4.3.2}{Lagrange Multipliers}{subsection.4.3}% 26
\BOOKMARK [1][-]{section.5}{Complex Analysis}{}% 27
\BOOKMARK [2][-]{subsection.5.1}{Complex Numbers}{section.5}% 28
\BOOKMARK [2][-]{subsection.5.2}{Complex Differentiation}{section.5}% 29
\BOOKMARK [3][-]{subsubsection.5.2.1}{Cauchy-Riemann Equations}{subsection.5.2}% 30
\BOOKMARK [2][-]{subsection.5.3}{Contour Integration}{section.5}% 31
\BOOKMARK [2][-]{subsection.5.4}{Residue Calculus}{section.5}% 32
\BOOKMARK [1][-]{section.6}{Harmonic Analysis}{}% 33
\BOOKMARK [2][-]{subsection.6.1}{Fourier Series}{section.6}% 34
\BOOKMARK [2][-]{subsection.6.2}{The Fourier Transform}{section.6}% 35
\BOOKMARK [2][-]{subsection.6.3}{The Laplace Transform}{section.6}% 36
